<?xml version="1.0" encoding="UTF-8"?>
<!DOCTYPE coverage SYSTEM "http://cobertura.sourceforge.net/xml/coverage-04.dtd">
<coverage lines-valid="23" lines-covered="22" line-rate="95" branches-valid="0" branches-covered="0" branch-rate="0" complexity="" version="0.4" timestamp="1">
  <sources>
    <source>/var/project/src/</source>
  </sources>
  <packages>
    <package name="ChainTestSuitesFinder.php" line-rate="100" branch-rate="0" complexity="">
      <classes>
        <class name="MyTester\ChainTestSuitesFinder" filename="ChainTestSuitesFinder.php" line-rate="100" branch-rate="0" complexity="0">
          <methods>
            <method name="registerFinder" signature="" line-rate="100" branch-rate="0">
              <lines>
                <line number="17" hits="1"/>
              </lines>
            </method>
            <method name="getSuites" signature="" line-rate="100" branch-rate="0">
              <lines>
                <line number="22" hits="1"/>
                <line number="23" hits="1"/>
                <line number="24" hits="1"/>
                <line number="26" hits="1"/>
              </lines>
            </method>
          </methods>
          <lines>
            <line number="17" hits="1"/>
            <line number="22" hits="1"/>
            <line number="23" hits="1"/>
            <line number="24" hits="1"/>
            <line number="26" hits="1"/>
          </lines>
        </class>
      </classes>
    </package>
    <package name="Attributes/Skip.php" line-rate="100" branch-rate="0" complexity="">
      <classes>
        <class name="MyTester\Attributes\Skip" filename="Attributes/Skip.php" line-rate="100" branch-rate="0" complexity="0">
          <methods>
            <method name="__construct" signature="" line-rate="100" branch-rate="0">
              <lines>
                <line number="20" hits="1"/>
              </lines>
            </method>
          </methods>
          <lines>
            <line number="20" hits="1"/>
          </lines>
        </class>
      </classes>
    </package>
    <package name="Bridges/NetteRobotLoader/TestSuitesFinder.php" line-rate="94" branch-rate="0" complexity="">
      <classes>
        <class name="MyTester\Bridges\NetteRobotLoader\TestSuitesFinder" filename="Bridges/NetteRobotLoader/TestSuitesFinder.php" line-rate="94" branch-rate="0" complexity="0">
          <methods>
            <method name="getSuites" signature="" line-rate="93" branch-rate="0">
              <lines>
                <line number="18" hits="1"/>
                <line number="19" hits="0"/>
                <line number="21" hits="1"/>
                <line number="22" hits="1"/>
                <line number="23" hits="1"/>
                <line number="24" hits="1"/>
                <line number="25" hits="1"/>
                <line number="26" hits="1"/>
                <line number="27" hits="1"/>
                <line number="28" hits="1"/>
                <line number="29" hits="1"/>
                <line number="30" hits="1"/>
                <line number="31" hits="1"/>
                <line number="32" hits="1"/>
                <line number="33" hits="1"/>
                <line number="36" hits="1"/>
              </lines>
            </method>
            <method name="isAvailable" signature="" line-rate="100" branch-rate="0">
              <lines>
                <line number="41" hits="1"/>
              </lines>
            </method>
          </methods>
          <lines>
            <line number="18" hits="1"/>
            <line number="19" hits="0"/>
            <line number="21" hits="1"/>
            <line number="22" hits="1"/>
            <line number="23" hits="1"/>
            <line number="24" hits="1"/>
            <line number="25" hits="1"/>
            <line number="26" hits="1"/>
            <line number="27" hits="1"/>
            <line number="28" hits="1"/>
            <line number="29" hits="1"/>
            <line number="30" hits="1"/>
            <line number="31" hits="1"/>
            <line number="32" hits="1"/>
            <line number="33" hits="1"/>
            <line number="36" hits="1"/>
            <line number="41" hits="1"/>
          </lines>
        </class>
      </classes>
    </package>
  </packages>
</coverage>
